MPASM  5.40                    18F26K22_G.LKR   1-23-2011  18:13:04         PAGE  1


LOC  OBJECT CODE     LINE SOURCE TEXT
  VALUE

Error[108]  : Illegal character (/)
                      00001 // File: 18f26k22_g.lkr
Error[108]  : Illegal character (/)
                      00002 // Generic linker script for the PIC18F26K22 processor
                      00003 
                      00004 #DEFINE _CODEEND _DEBUGCODESTART - 1
                      00005 #DEFINE _CEND _CODEEND + _DEBUGCODELEN
                      00006 #DEFINE _DATAEND _DEBUGDATASTART - 1
                      00007 #DEFINE _DEND _DATAEND + _DEBUGDATALEN
                      00008 
Error[122]  : Illegal opcode (.)
                      00009 LIBPATH .
                      00010 
                      00011 #IFDEF _CRUNTIME
                      00012   #IFDEF _EXTENDEDMODE
                      00013     FILES c018i_e.o
                      00014     FILES clib_e.lib
                      00015     FILES p18f26k22_e.lib
                      00016 
                      00017   #ELSE
                      00018     FILES c018i.o
                      00019     FILES clib.lib
                      00020     FILES p18f26k22.lib
                      00021   #FI
                      00022 
                      00023 #FI
                      00024 
                      00025 #IFDEF _DEBUGCODESTART
                      00026   CODEPAGE   NAME=page       START=0x0               END=_CODEEND
                      00027   CODEPAGE   NAME=debug      START=_DEBUGCODESTART   END=_CEND        PROTECTED
                      00028 #ELSE
                      00029   CODEPAGE   NAME=page       START=0x0               END=0xFFFF
                      00030 #FI
                      00031 
                      00032 CODEPAGE   NAME=idlocs     START=0x200000          END=0x200007       PROTECTED
                      00033 CODEPAGE   NAME=config     START=0x300000          END=0x30000D       PROTECTED
                      00034 CODEPAGE   NAME=devid      START=0x3FFFFE          END=0x3FFFFF       PROTECTED
                      00035 CODEPAGE   NAME=eedata     START=0xF00000          END=0xF003FF       PROTECTED
                      00036 
                      00037 #IFDEF _EXTENDEDMODE
                      00038   DATABANK   NAME=gpre       START=0x0               END=0x5F
                      00039 #ELSE
                      00040   ACCESSBANK NAME=accessram  START=0x0               END=0x5F
                      00041 #FI
                      00042 
                      00043 DATABANK   NAME=gpr0       START=0x60              END=0xFF
                      00044 DATABANK   NAME=gpr1       START=0x100             END=0x1FF
                      00045 DATABANK   NAME=gpr2       START=0x200             END=0x2FF
                      00046 DATABANK   NAME=gpr3       START=0x300             END=0x3FF
                      00047 DATABANK   NAME=gpr4       START=0x400             END=0x4FF
                      00048 DATABANK   NAME=gpr5       START=0x500             END=0x5FF
                      00049 DATABANK   NAME=gpr6       START=0x600             END=0x6FF
                      00050 DATABANK   NAME=gpr7       START=0x700             END=0x7FF
MPASM  5.40                    18F26K22_G.LKR   1-23-2011  18:13:04         PAGE  2


LOC  OBJECT CODE     LINE SOURCE TEXT
  VALUE

                      00051 DATABANK   NAME=gpr8       START=0x800             END=0x8FF
                      00052 DATABANK   NAME=gpr9       START=0x900             END=0x9FF
                      00053 DATABANK   NAME=gprA       START=0xA00             END=0xAFF
                      00054 DATABANK   NAME=gprB       START=0xB00             END=0xBFF
                      00055 DATABANK   NAME=gprC       START=0xC00             END=0xCFF
                      00056 DATABANK   NAME=gprD       START=0xD00             END=0xDFF
                      00057 
                      00058 #IFDEF _DEBUGDATASTART
                      00059   DATABANK   NAME=gprE       START=0xE00             END=_DATAEND
                      00060   DATABANK   NAME=dbgspr     START=_DEBUGDATASTART   END=_DEND           PROTECTED
                      00061 #ELSE //no debug
                      00062   DATABANK   NAME=gprE       START=0xE00             END=0xEFF
                      00063 #FI
                      00064 
                      00065 DATABANK   NAME=gprF       START=0xF00             END=0xF37
                      00066 DATABANK   NAME=sfr15      START=0xF38             END=0xF5F          PROTECTED
                      00067 ACCESSBANK NAME=accesssfr  START=0xF60             END=0xFFF          PROTECTED
                      00068 
                      00069 #IFDEF _CRUNTIME
                      00070   SECTION    NAME=CONFIG     ROM=config
                      00071   #IFDEF _DEBUGDATASTART
                      00072     STACK SIZE=0x100 RAM=gprD
                      00073   #ELSE
                      00074     STACK SIZE=0x100 RAM=gprE
                      00075   #FI
                      00076 #FI
MPASM  5.40                    18F26K22_G.LKR   1-23-2011  18:13:04         PAGE  3


SYMBOL TABLE
  LABEL                             VALUE 

_CEND                             _CODEEND + _DEBUGCODELEN
_CODEEND                          _DEBUGCODESTART - 1
_DATAEND                          _DEBUGDATASTART - 1
_DEND                             _DATAEND + _DEBUGDATALEN
__18F26K22                        00000001

Errors   :     3
Warnings :     0 reported,     0 suppressed
Messages :     0 reported,     0 suppressed

