Removed Parameter Approved: from Part R8
Removed Parameter Approved: from Part R8
Removed Parameter Approved: from Part R9
Removed Parameter Approved: from Part R9
Removed Parameter Approved:No from Part D3
Removed Parameter Approved:No from Part D4
Removed Parameter Approved:Pending from Part C5
Removed Parameter ComponentLink1Description:Datasheet from Part C5
Removed Parameter ComponentLink1Description:Datasheet from Part D3
Removed Parameter ComponentLink1Description:Datasheet from Part D4
Removed Parameter ComponentLink1Description:Datasheet from Part R8
Removed Parameter ComponentLink1Description:Datasheet from Part R8
Removed Parameter ComponentLink1Description:Datasheet from Part R9
Removed Parameter ComponentLink1Description:Datasheet from Part R9
Removed Parameter ComponentLink1URL:\PassivesDatasheets\F3102_CE.pdf from Part C5
Removed Parameter ComponentLink1URL:http://industrial.panasonic.com/www-data/pdf/AOA0000/AOA0000CE2.pdf from Part R8
Removed Parameter ComponentLink1URL:http://industrial.panasonic.com/www-data/pdf/AOA0000/AOA0000CE2.pdf from Part R8
Removed Parameter ComponentLink1URL:http://industrial.panasonic.com/www-data/pdf/AOA0000/AOA0000CE2.pdf from Part R9
Removed Parameter ComponentLink1URL:http://industrial.panasonic.com/www-data/pdf/AOA0000/AOA0000CE2.pdf from Part R9
Removed Parameter ComponentLink1URL:http://www.us.kingbright.com/images/catalog/SPEC/APA1606SECK.pdf from Part D3
Removed Parameter ComponentLink1URL:http://www.us.kingbright.com/images/catalog/SPEC/APA1606SECK.pdf from Part D4
Removed Parameter ComponentLink2Description:Datasheet from Part C5
Removed Parameter ComponentLink2Description:Datasheet from Part R8
Removed Parameter ComponentLink2Description:Datasheet from Part R8
Removed Parameter ComponentLink2Description:Datasheet from Part R9
Removed Parameter ComponentLink2Description:Datasheet from Part R9
Removed Parameter ComponentLink2URL:\PassivesDatasheets\gmc_series.pdf from Part C5
Removed Parameter ComponentLink2URL:\PassivesDatasheets\Vishay_dcrcw.pdf from Part R8
Removed Parameter ComponentLink2URL:\PassivesDatasheets\Vishay_dcrcw.pdf from Part R8
Removed Parameter ComponentLink2URL:\PassivesDatasheets\Vishay_dcrcw.pdf from Part R9
Removed Parameter ComponentLink2URL:\PassivesDatasheets\Vishay_dcrcw.pdf from Part R9
Removed Parameter ComponentLink3Description:Datasheet from Part C5
Removed Parameter ComponentLink3Description:Datasheet from Part R8
Removed Parameter ComponentLink3Description:Datasheet from Part R8
Removed Parameter ComponentLink3Description:Datasheet from Part R9
Removed Parameter ComponentLink3Description:Datasheet from Part R9
Removed Parameter ComponentLink3URL:- from Part C5
Removed Parameter ComponentLink3URL:\PassivesDatasheets\KOA_Speer_1%_0p5%.pdf from Part R8
Removed Parameter ComponentLink3URL:\PassivesDatasheets\KOA_Speer_1%_0p5%.pdf from Part R8
Removed Parameter ComponentLink3URL:\PassivesDatasheets\KOA_Speer_1%_0p5%.pdf from Part R9
Removed Parameter ComponentLink3URL:\PassivesDatasheets\KOA_Speer_1%_0p5%.pdf from Part R9
Removed Parameter ComponentLink4Description:Datasheet from Part C5
Removed Parameter ComponentLink4Description:Datasheet from Part R8
Removed Parameter ComponentLink4Description:Datasheet from Part R8
Removed Parameter ComponentLink4Description:Datasheet from Part R9
Removed Parameter ComponentLink4Description:Datasheet from Part R9
Removed Parameter ComponentLink4URL:- from Part C5
Removed Parameter ComponentLink4URL:\PassivesDatasheets\mcr03.pdf from Part R8
Removed Parameter ComponentLink4URL:\PassivesDatasheets\mcr03.pdf from Part R8
Removed Parameter ComponentLink4URL:\PassivesDatasheets\mcr03.pdf from Part R9
Removed Parameter ComponentLink4URL:\PassivesDatasheets\mcr03.pdf from Part R9
Removed Parameter Component Subkind:Capacitor from Part C5
Removed Parameter Component SubKind:Resistor from Part R8
Removed Parameter Component SubKind:Resistor from Part R8
Removed Parameter Component SubKind:Resistor from Part R9
Removed Parameter Component SubKind:Resistor from Part R9
Removed Parameter Component Type:Standard from Part C5
Removed Parameter Component Type:Standard from Part R8
Removed Parameter Component Type:Standard from Part R8
Removed Parameter Component Type:Standard from Part R9
Removed Parameter Component Type:Standard from Part R9
Removed Parameter Designator:C? from Part C5
Removed Parameter Designator: from Part R8
Removed Parameter Designator: from Part R8
Removed Parameter Designator: from Part R9
Removed Parameter Designator: from Part R9
Removed Parameter ESR: from Part C5
Removed Parameter Hours: from Part C5
Removed Parameter ItemID:0.1uF,50V,CC0603,X7R,+/-20% from Part C5
Removed Parameter ItemID:1.00K,R0603,1% from Part R8
Removed Parameter ItemID:1.00K,R0603,1% from Part R8
Removed Parameter ItemID:1.00K,R0603,1% from Part R9
Removed Parameter ItemID:1.00K,R0603,1% from Part R9
Removed Parameter LatestRevisionDate:17-Jul-2002 from Part C?
Removed Parameter LatestRevisionNote:Re-released for DXP Platform. from Part C?
Removed Parameter LeadFree:Yes from Part C5
Removed Parameter LeadFree:Yes from Part D3
Removed Parameter LeadFree:Yes from Part D4
Removed Parameter LeadFree:Yes from Part R8
Removed Parameter LeadFree:Yes from Part R8
Removed Parameter LeadFree:Yes from Part R9
Removed Parameter LeadFree:Yes from Part R9
Removed Parameter Manufacturer2:CAL-CHIP from Part C5
Removed Parameter Manufacturer2:Vishay/Dale from Part R8
Removed Parameter Manufacturer2:Vishay/Dale from Part R8
Removed Parameter Manufacturer2:Vishay/Dale from Part R9
Removed Parameter Manufacturer2:Vishay/Dale from Part R9
Removed Parameter Manufacturer3:- from Part C5
Removed Parameter Manufacturer3:KOA/Speer from Part R8
Removed Parameter Manufacturer3:KOA/Speer from Part R8
Removed Parameter Manufacturer3:KOA/Speer from Part R9
Removed Parameter Manufacturer3:KOA/Speer from Part R9
Removed Parameter Manufacturer4:- from Part C5
Removed Parameter Manufacturer4:ROHM from Part R8
Removed Parameter Manufacturer4:ROHM from Part R8
Removed Parameter Manufacturer4:ROHM from Part R9
Removed Parameter Manufacturer4:ROHM from Part R9
Removed Parameter Manufacturer:Kemet from Part C5
Removed Parameter Manufacturer:Kingbright Corp. from Part D3
Removed Parameter Manufacturer:Kingbright Corp. from Part D4
Removed Parameter Manufacturer:Panasonic from Part R8
Removed Parameter Manufacturer:Panasonic from Part R8
Removed Parameter Manufacturer:Panasonic from Part R9
Removed Parameter Manufacturer:Panasonic from Part R9
Removed Parameter Manufacturer:Roving Networks from Part U1
Removed Parameter Material:Thick-Film from Part R8
Removed Parameter Material:Thick-Film from Part R8
Removed Parameter Material:Thick-Film from Part R9
Removed Parameter Material:Thick-Film from Part R9
Removed Parameter Material:X7R from Part C5
Removed Parameter MetricFootprint: from Part C5
Removed Parameter MetricFootprint:R1608MM from Part R8
Removed Parameter MetricFootprint:R1608MM from Part R8
Removed Parameter MetricFootprint:R1608MM from Part R9
Removed Parameter MetricFootprint:R1608MM from Part R9
Removed Parameter PackageDescription:Radial Cap, Thru-Hole; 2 Leads; 0.3 in Pin Spacing from Part C?
Removed Parameter PackageReference:RAD-0.3 from Part C?
Removed Parameter PartNumber2:CRCW06031K00FKED from Part R8
Removed Parameter PartNumber2:CRCW06031K00FKED from Part R8
Removed Parameter PartNumber2:CRCW06031K00FKED from Part R9
Removed Parameter PartNumber2:CRCW06031K00FKED from Part R9
Removed Parameter PartNumber2:GMC10X7R10450NT-LF from Part C5
Removed Parameter PartNumber3:RK73H1JTTD1001F from Part R8
Removed Parameter PartNumber3:RK73H1JTTD1001F from Part R8
Removed Parameter PartNumber3:RK73H1JTTD1001F from Part R9
Removed Parameter PartNumber3:RK73H1JTTD1001F from Part R9
Removed Parameter PartNumber4:MCR03EZPFX1001 from Part R8
Removed Parameter PartNumber4:MCR03EZPFX1001 from Part R8
Removed Parameter PartNumber4:MCR03EZPFX1001 from Part R9
Removed Parameter PartNumber4:MCR03EZPFX1001 from Part R9
Removed Parameter PartNumber:APA1606SECK from Part D3
Removed Parameter PartNumber:APA1606SECK from Part D4
Removed Parameter PartNumber:C0603C104M5RAC from Part C5
Removed Parameter PartNumber:ERJ3EKF1001V from Part R8
Removed Parameter PartNumber:ERJ3EKF1001V from Part R8
Removed Parameter PartNumber:ERJ3EKF1001V from Part R9
Removed Parameter PartNumber:ERJ3EKF1001V from Part R9
Removed Parameter PartNumber:RN-42 from Part U1
Removed Parameter Pin Count:2 from Part C5
Removed Parameter Pin Count:2 from Part R8
Removed Parameter Pin Count:2 from Part R8
Removed Parameter Pin Count:2 from Part R9
Removed Parameter Pin Count:2 from Part R9
Removed Parameter Published:1/18/2010 from Part D3
Removed Parameter Published:1/18/2010 from Part D4
Removed Parameter Published:7/16/2009 from Part R8
Removed Parameter Published:7/16/2009 from Part R8
Removed Parameter Published:7/16/2009 from Part R9
Removed Parameter Published:7/16/2009 from Part R9
Removed Parameter Published:7/18/2007 from Part C5
Removed Parameter Published:8-Jun-2000 from Part C?
Removed Parameter Publisher:AltiumDBManager1.1 from Part R8
Removed Parameter Publisher:AltiumDBManager1.1 from Part R8
Removed Parameter Publisher:AltiumDBManager1.1 from Part R9
Removed Parameter Publisher:AltiumDBManager1.1 from Part R9
Removed Parameter Publisher:AltiumdBManager from Part C5
Removed Parameter Publisher:Altium Limited from Part C?
Removed Parameter Publisher:Vanteon - AHonecker from Part D3
Removed Parameter Publisher:Vanteon - AHonecker from Part D4
Removed Parameter RoHS:Yes from Part C5
Removed Parameter RoHS:Yes from Part D3
Removed Parameter RoHS:Yes from Part D4
Removed Parameter RoHS:Yes from Part R8
Removed Parameter RoHS:Yes from Part R8
Removed Parameter RoHS:Yes from Part R9
Removed Parameter RoHS:Yes from Part R9
Removed Parameter Spice Prefix:R from Part R8
Removed Parameter Spice Prefix:R from Part R8
Removed Parameter Spice Prefix:R from Part R9
Removed Parameter Spice Prefix:R from Part R9
Removed Parameter Status:Active from Part D3
Removed Parameter Status:Active from Part D4
Removed Parameter Status: from Part C5
Removed Parameter Status: from Part R8
Removed Parameter Status: from Part R8
Removed Parameter Status: from Part R9
Removed Parameter Status: from Part R9
Removed Parameter TargetLibrary:LEDs from Part D3
Removed Parameter TargetLibrary:LEDs from Part D4
Removed Parameter TempRange: from Part C5
Removed Parameter Tolerance:1% from Part R8
Removed Parameter Tolerance:1% from Part R8
Removed Parameter Tolerance:1% from Part R9
Removed Parameter Tolerance:1% from Part R9
Removed Parameter Tolerance:+/-20% from Part C5
Removed Parameter Value:0.1uF from Part C5
Removed Parameter Value:0.1uF from Part C?
Removed Parameter Value:1.00K from Part R8
Removed Parameter Value:1.00K from Part R8
Removed Parameter Value:1.00K from Part R9
Removed Parameter Value:2.1V from Part D3
Removed Parameter Value:2.1V from Part D4
Removed Parameter Value:100 from Part R9
Removed Parameter Voltage:50 from Part C5
Removed Parameter Voltage:75 from Part R8
Removed Parameter Voltage:75 from Part R8
Removed Parameter Voltage:75 from Part R9
Removed Parameter Voltage:75 from Part R9
Removed Parameter Watts:0.1W from Part R8
Removed Parameter Watts:0.1W from Part R8
Removed Parameter Watts:0.1W from Part R9
Removed Parameter Watts:0.1W from Part R9
Added Parameter HelpURL= to Part C5
Added Parameter HelpURL= to Part C?
Added Parameter HelpURL= to Part D3
Added Parameter HelpURL= to Part D4
Added Parameter HelpURL= to Part R8
Added Parameter HelpURL= to Part R8
Added Parameter HelpURL= to Part R9
Added Parameter HelpURL= to Part R9
Added Parameter HelpURL= to Part U1
Added Parameter PartNo= to Part C5
Added Parameter PartNo= to Part C?
Added Parameter PartNo= to Part D3
Added Parameter PartNo= to Part D4
Added Parameter PartNo= to Part R8
Added Parameter PartNo= to Part R8
Added Parameter PartNo= to Part R9
Added Parameter PartNo= to Part R9
Added Parameter PartNo= to Part U1
